DEBUG: 2020/10/12 16:28:10 main.go:46: sql: Scan error on column index 1, name "CONTENT": destination not a pointer
INFO: 2020/10/14 18:58:23 main.go:46: 
---------------------------------
Démarrage du bot en cours
INFO: 2020/10/14 18:58:25 bot_event.go:21: Le bot est dispo. [Appuyez sur CTRL+C pour l'arrêter !]
INFO: 2020/10/14 19:02:09 main.go:46: 
---------------------------------
Démarrage du bot en cours
INFO: 2020/10/14 19:02:10 bot_event.go:21: Le bot est dispo. [Appuyez sur CTRL+C pour l'arrêter !]
INFO: 2020/10/14 19:26:58 main.go:46: 
---------------------------------
Démarrage du bot en cours
INFO: 2020/10/14 19:26:59 bot_event.go:21: Le bot est dispo. [Appuyez sur CTRL+C pour l'arrêter !]
INFO: 2020/10/14 19:27:36 main.go:46: 
---------------------------------
Démarrage du bot en cours
INFO: 2020/10/14 19:27:37 bot_event.go:21: Le bot est dispo. [Appuyez sur CTRL+C pour l'arrêter !]
INFO: 2020/10/14 19:39:51 main.go:46: 
---------------------------------
Démarrage du bot en cours
INFO: 2020/10/14 19:39:52 bot_event.go:21: Le bot est dispo. [Appuyez sur CTRL+C pour l'arrêter !]
INFO: 2020/10/14 19:40:04 main.go:46: 
---------------------------------
Démarrage du bot en cours
INFO: 2020/10/14 19:40:05 bot_event.go:21: Le bot est dispo. [Appuyez sur CTRL+C pour l'arrêter !]
INFO: 2020/10/14 19:44:03 main.go:46: 
---------------------------------
Démarrage du bot en cours
INFO: 2020/10/14 19:44:05 bot_event.go:21: Le bot est dispo. [Appuyez sur CTRL+C pour l'arrêter !]
INFO: 2020/10/14 19:57:03 main.go:46: 
---------------------------------
Démarrage du bot en cours
INFO: 2020/10/14 19:57:04 bot_event.go:21: Le bot est dispo. [Appuyez sur CTRL+C pour l'arrêter !]
ERROR: 2020/10/14 19:57:15 bot_time.go:44: HTTP 404 Not Found, {"message": "Unknown Member", "code": 10007}
ERROR: 2020/10/14 19:57:19 bot_time.go:44: HTTP 404 Not Found, {"message": "Unknown Member", "code": 10007}
INFO: 2020/10/14 19:58:05 main.go:46: 
---------------------------------
Démarrage du bot en cours
INFO: 2020/10/14 19:58:06 bot_event.go:21: Le bot est dispo. [Appuyez sur CTRL+C pour l'arrêter !]
ERROR: 2020/10/14 19:58:09 bot_time.go:44: HTTP 404 Not Found, {"message": "Unknown Member", "code": 10007}
ERROR: 2020/10/14 19:58:10 bot_time.go:44: HTTP 404 Not Found, {"message": "Unknown Member", "code": 10007}
INFO: 2020/10/14 19:58:55 main.go:46: 
---------------------------------
Démarrage du bot en cours
INFO: 2020/10/14 19:58:57 bot_event.go:21: Le bot est dispo. [Appuyez sur CTRL+C pour l'arrêter !]
ERROR: 2020/10/14 19:59:04 bot_time.go:45: HTTP 404 Not Found, {"message": "Unknown Member", "code": 10007}
ERROR: 2020/10/14 19:59:04 bot_time.go:45: HTTP 404 Not Found, {"message": "Unknown Member", "code": 10007}
INFO: 2020/10/14 20:00:00 main.go:46: 
---------------------------------
Démarrage du bot en cours
INFO: 2020/10/14 20:00:01 bot_event.go:21: Le bot est dispo. [Appuyez sur CTRL+C pour l'arrêter !]
ERROR: 2020/10/14 20:00:04 bot_time.go:45: HTTP 404 Not Found, {"message": "Unknown Member", "code": 10007}
ERROR: 2020/10/14 20:00:05 bot_time.go:45: HTTP 404 Not Found, {"message": "Unknown Member", "code": 10007}
ERROR: 2020/10/14 20:00:06 bot_time.go:45: HTTP 404 Not Found, {"message": "Unknown Member", "code": 10007}
ERROR: 2020/10/14 20:00:09 bot_time.go:45: HTTP 404 Not Found, {"message": "Unknown Member", "code": 10007}
ERROR: 2020/10/14 20:00:09 bot_time.go:45: HTTP 404 Not Found, {"message": "Unknown Member", "code": 10007}
INFO: 2020/10/14 20:03:58 main.go:46: 
---------------------------------
Démarrage du bot en cours
INFO: 2020/10/14 20:04:00 bot_event.go:21: Le bot est dispo. [Appuyez sur CTRL+C pour l'arrêter !]
ERROR: 2020/10/14 20:04:02 bot_time.go:46: HTTP 404 Not Found, {"message": "Unknown Member", "code": 10007}
INFO: 2020/10/14 20:04:49 main.go:46: 
---------------------------------
Démarrage du bot en cours
INFO: 2020/10/14 20:04:51 bot_event.go:21: Le bot est dispo. [Appuyez sur CTRL+C pour l'arrêter !]
INFO: 2020/10/14 20:05:35 main.go:46: 
---------------------------------
Démarrage du bot en cours
INFO: 2020/10/14 20:05:37 bot_event.go:21: Le bot est dispo. [Appuyez sur CTRL+C pour l'arrêter !]
ERROR: 2020/10/14 20:05:39 bot_time.go:47: HTTP 404 Not Found, {"message": "Unknown Member", "code": 10007}
INFO: 2020/10/14 20:05:57 main.go:46: 
---------------------------------
Démarrage du bot en cours
INFO: 2020/10/14 20:05:59 bot_event.go:21: Le bot est dispo. [Appuyez sur CTRL+C pour l'arrêter !]
ERROR: 2020/10/14 20:06:01 bot_time.go:47: HTTP 404 Not Found, {"message": "Unknown Member", "code": 10007}
INFO: 2020/10/14 20:07:12 main.go:46: 
---------------------------------
Démarrage du bot en cours
INFO: 2020/10/14 20:07:21 main.go:46: 
---------------------------------
Démarrage du bot en cours
INFO: 2020/10/14 20:07:23 bot_event.go:21: Le bot est dispo. [Appuyez sur CTRL+C pour l'arrêter !]
ERROR: 2020/10/14 20:07:37 bot_time.go:47: HTTP 404 Not Found, {"message": "Unknown Member", "code": 10007}
ERROR: 2020/10/14 20:07:37 bot_time.go:47: HTTP 404 Not Found, {"message": "Unknown Member", "code": 10007}
ERROR: 2020/10/14 20:07:38 bot_time.go:47: HTTP 404 Not Found, {"message": "Unknown Member", "code": 10007}
ERROR: 2020/10/14 20:07:38 bot_time.go:47: HTTP 404 Not Found, {"message": "Unknown Member", "code": 10007}
ERROR: 2020/10/14 20:07:38 bot_time.go:47: HTTP 404 Not Found, {"message": "Unknown Member", "code": 10007}
ERROR: 2020/10/14 20:07:42 bot_time.go:47: HTTP 404 Not Found, {"message": "Unknown Member", "code": 10007}
ERROR: 2020/10/14 20:07:42 bot_time.go:47: HTTP 404 Not Found, {"message": "Unknown Member", "code": 10007}
ERROR: 2020/10/14 20:07:42 bot_time.go:47: HTTP 404 Not Found, {"message": "Unknown Member", "code": 10007}
